<?xml version="1.0" encoding="UTF-8"?>
<!-- Generated by org.testng.reporters.JUnitReportReporter -->
<testsuite hostname="uns-PC" name="lhj.dubbo.study.TestAnnotationDemoService" tests="1" failures="0" timestamp="31 Jul 2014 04:36:19 GMT" time="0.100" errors="0">
  <testcase name="sayHello" time="0.100" classname="lhj.dubbo.study.TestAnnotationDemoService"/>
</testsuite> <!-- lhj.dubbo.study.TestAnnotationDemoService -->
