<?xml version="1.0" encoding="UTF-8"?>
<!-- Generated by org.testng.reporters.JUnitReportReporter -->
<testsuite hostname="uns-PC" name="lhj.dubbo.study.demo.annotation.TestAnnotationDemoService" tests="1" failures="0" timestamp="31 Jul 2014 07:16:30 GMT" time="0.199" errors="0">
  <testcase name="getPerson" time="0.199" classname="lhj.dubbo.study.demo.annotation.TestAnnotationDemoService"/>
</testsuite> <!-- lhj.dubbo.study.demo.annotation.TestAnnotationDemoService -->
