<?xml version="1.0" encoding="UTF-8"?>
<!-- Generated by org.testng.reporters.JUnitReportReporter -->
<testsuite hostname="uns-PC" name="demo.TestDemoService" tests="1" failures="0" timestamp="31 Jul 2014 04:33:27 GMT" time="0.113" errors="0">
  <testcase name="sayHello" time="0.113" classname="demo.TestDemoService"/>
</testsuite> <!-- demo.TestDemoService -->
